Arguments: 
  /usr/local/Cellar/node/15.12.0/bin/node /usr/local/Cellar/yarn/1.22.5/libexec/bin/yarn.js

PATH: 
  /Users/Maq0831/.rvm/gems/ruby-2.4.1/bin:/Users/Maq0831/.rvm/gems/ruby-2.4.1@global/bin:/Users/Maq0831/.rvm/rubies/ruby-2.4.1/bin:/Users/Maq0831/anaconda3/bin:/opt/anaconda3/condabin:/Users/Maq0831/bin:/usr/local/bin:/opt/local/bin:/opt/local/sbin:/usr/local/bin:/usr/bin:/bin:/usr/sbin:/sbin:/Applications/VMware Fusion.app/Contents/Public:/usr/local/go/bin:/Library/Apple/usr/bin:/Applications/Wireshark.app/Contents/MacOS:/Users/Maq0831/.rvm/bin

Yarn version: 
  1.22.5

Node version: 
  15.12.0

Platform: 
  darwin x64

Trace: 
  Error: https://registry.yarnpkg.com/@babel-loader: Request "https://registry.yarnpkg.com/@babel-loader" returned a 405
      at Request.params.callback [as _callback] (/usr/local/Cellar/yarn/1.22.5/libexec/lib/cli.js:66997:18)
      at Request.self.callback (/usr/local/Cellar/yarn/1.22.5/libexec/lib/cli.js:140749:22)
      at Request.emit (node:events:369:20)
      at Request.<anonymous> (/usr/local/Cellar/yarn/1.22.5/libexec/lib/cli.js:141721:10)
      at Request.emit (node:events:369:20)
      at IncomingMessage.<anonymous> (/usr/local/Cellar/yarn/1.22.5/libexec/lib/cli.js:141643:12)
      at Object.onceWrapper (node:events:475:28)
      at IncomingMessage.emit (node:events:381:22)
      at endReadableNT (node:internal/streams/readable:1307:12)
      at processTicksAndRejections (node:internal/process/task_queues:81:21)

npm manifest: 
  {
    "name": "sampleproj",
    "version": "1.0.0",
    "description": "",
    "main": "index.js",
    "scripts": {
      "test": "echo \"Error: no test specified\" && exit 1"
    },
    "author": "",
    "license": "ISC",
    "dependencies": {
      "@hot-loader/react-dom": "^16.13.0",
      "express": "^4.17.1",
      "mongodb": "^3.6.9",
      "react": "^17.0.2",
      "react-dom": "^17.0.2",
      "react-hot-loader": "^4.12.20"
    },
    "devDependencies": {
      "@babel-loader": "8.1.0",
      "@babel/core": "^7.9.0",
      "@babel/preset-env": "^7.9.0",
      "@babel/preset-react": "^7.9.4",
      "nodemon": "^2.0.2",
      "webpack": "^4.42.1",
      "webpack-cli": "^3.7.2",
      "webpack-dev-middleware": "^3.7.2",
      "webpack-hot-middleware": "^2.25.0",
      "webpack-node-externals": "^1.7.2"
    }
  }

yarn manifest: 
  No manifest

Lockfile: 
  No lockfile
